<?xml version="1.0" encoding="UTF-8"?>
<testng-results ignored="0" total="1" passed="1" failed="0" skipped="0">
  <reporter-output>
  </reporter-output>
  <suite started-at="2025-02-03T19:32:59 GMT-03:00" name="Carina Demo Tests - Hello World" finished-at="2025-02-03T19:32:59 GMT-03:00" duration-ms="46">
    <groups>
    </groups>
    <test started-at="2025-02-03T19:32:59 GMT-03:00" name="Hello World test" finished-at="2025-02-03T19:32:59 GMT-03:00" duration-ms="46">
      <class name="com.solvd.carina.demo.HelloWorld">
        <test-method signature="helloWorld()[pri:0, instance:com.solvd.carina.demo.HelloWorld@1479ed5a]" started-at="2025-02-03T19:32:59 GMT-03:00" name="helloWorld" finished-at="2025-02-03T19:32:59 GMT-03:00" duration-ms="10" status="PASS">
          <reporter-output>
          </reporter-output>
        </test-method> <!-- helloWorld -->
        <test-method is-config="true" signature="onCarinaAfterMethod()[pri:0, instance:com.solvd.carina.demo.HelloWorld@1479ed5a]" started-at="2025-02-03T19:32:59 GMT-03:00" name="onCarinaAfterMethod" finished-at="2025-02-03T19:32:59 GMT-03:00" duration-ms="1" status="PASS">
          <reporter-output>
          </reporter-output>
        </test-method> <!-- onCarinaAfterMethod -->
      </class> <!-- com.solvd.carina.demo.HelloWorld -->
    </test> <!-- Hello World test -->
  </suite> <!-- Carina Demo Tests - Hello World -->
</testng-results>
